生成启动时间为 2014/11/27 21:19:46。
     1>项目“D:\SceneEditor\SceneEditor\SceneEditor.vcxproj”在节点 2 上(Build 个目标)。
     1>ClCompile:
         D:\Microsoft Visual Studio 12.0\VC\bin\CL.exe /c /ZI /nologo /W3 /WX- /Od /Oy- /D WIN32 /D _WINDOWS /D _DEBUG /D _UNICODE /D UNICODE /D _AFXDLL /Gm /EHsc /RTC1 /MDd /GS /fp:precise /Zc:wchar_t /Zc:forScope /Yu"stdafx.h" /Fp"Debug\SceneEditor.pch" /Fo"Debug\\" /Fd"Debug\vc120.pdb" /Gd /TP /analyze- /errorReport:prompt SceneEditorDoc.cpp
         SceneEditorDoc.cpp
       Link:
         D:\Microsoft Visual Studio 12.0\VC\bin\link.exe /ERRORREPORT:PROMPT /OUT:"D:\SceneEditor\Debug\SceneEditor.exe" /INCREMENTAL /NOLOGO OpenGL32.lib GLu32.lib /MANIFEST /MANIFESTUAC:"level='asInvoker' uiAccess='false'" /manifest:embed /manifestinput:"D:\Microsoft Visual Studio 12.0\VC\Include\Manifest\dpiaware.manifest" /DEBUG /PDB:"D:\SceneEditor\Debug\SceneEditor.pdb" /SUBSYSTEM:WINDOWS /TLBID:1 /ENTRY:"wWinMainCRTStartup" /DYNAMICBASE /NXCOMPAT /IMPLIB:"D:\SceneEditor\Debug\SceneEditor.lib" /MACHINE:X86 Debug\SceneEditor.res
         Debug\ClassView.obj
         Debug\Cube.obj
         Debug\Cylinder.obj
         Debug\DocObj.obj
         Debug\FileView.obj
         Debug\MainFrm.obj
         Debug\Obj.obj
         Debug\Prism.obj
         Debug\PropertiesWnd.obj
         Debug\SceneEditor.obj
         Debug\SceneEditorDoc.obj
         Debug\SceneEditorView.obj
         Debug\Sphere.obj
         Debug\stdafx.obj
         Debug\ViewTree.obj
         SceneEditor.vcxproj -> D:\SceneEditor\Debug\SceneEditor.exe
     1>已完成生成项目“D:\SceneEditor\SceneEditor\SceneEditor.vcxproj”(Build 个目标)的操作。

生成成功。

已用时间 00:00:00.49
